[15:15:40] [main/WARN]: Ambiguity between arguments [teleport, location] and [teleport, destination] with inputs: [0.1 -0.5 .9, 0 0 0]
[15:15:40] [main/WARN]: Ambiguity between arguments [teleport, location] and [teleport, targets] with inputs: [0.1 -0.5 .9, 0 0 0]
[15:15:40] [main/WARN]: Ambiguity between arguments [teleport, targets] and [teleport, destination] with inputs: [Player, 0123, dd12be42-52a9-4a91-a8a1-11c01849e498]
[15:15:40] [main/WARN]: Ambiguity between arguments [teleport, targets, location] and [teleport, targets, destination] with inputs: [0.1 -0.5 .9, 0 0 0]
[15:15:40] [Server thread/INFO]: Starting minecraft server version 1.14.4
[15:15:40] [Server thread/INFO]: Loading properties
[15:15:40] [Server thread/INFO]: Default game type: SURVIVAL
[15:15:40] [Server thread/INFO]: Generating keypair
[15:15:40] [Server console handler/ERROR]: Exception handling console input
java.io.IOException: Controlador no válido
	at java.io.FileInputStream.readBytes(Native Method) ~[?:1.8.0_301]
	at java.io.FileInputStream.read(Unknown Source) ~[?:1.8.0_301]
	at java.io.BufferedInputStream.read1(Unknown Source) ~[?:1.8.0_301]
	at java.io.BufferedInputStream.read(Unknown Source) ~[?:1.8.0_301]
	at sun.nio.cs.StreamDecoder.readBytes(Unknown Source) ~[?:1.8.0_301]
	at sun.nio.cs.StreamDecoder.implRead(Unknown Source) ~[?:1.8.0_301]
	at sun.nio.cs.StreamDecoder.read(Unknown Source) ~[?:1.8.0_301]
	at java.io.InputStreamReader.read(Unknown Source) ~[?:1.8.0_301]
	at java.io.BufferedReader.fill(Unknown Source) ~[?:1.8.0_301]
	at java.io.BufferedReader.readLine(Unknown Source) ~[?:1.8.0_301]
	at java.io.BufferedReader.readLine(Unknown Source) ~[?:1.8.0_301]
	at uk$2.run(SourceFile:109) [server.jar:?]
[15:15:41] [Server thread/INFO]: Starting Minecraft server on *:25565
[15:15:41] [Server thread/INFO]: Using default channel type
[15:15:42] [Server thread/WARN]: **** SERVER IS RUNNING IN OFFLINE/INSECURE MODE!
[15:15:42] [Server thread/WARN]: The server will make no attempt to authenticate usernames. Beware.
[15:15:42] [Server thread/WARN]: While this makes the game possible to play without internet access, it also opens up the ability for hackers to connect with any username they choose.
[15:15:42] [Server thread/WARN]: To change this, set "online-mode" to "true" in the server.properties file.
[15:15:42] [Server thread/INFO]: Preparing level "world"
[15:15:43] [Server thread/INFO]: Reloading ResourceManager: Default
[15:15:43] [Server thread/INFO]: Loaded 6 recipes
[15:15:43] [Server thread/INFO]: Loaded 811 advancements
[15:15:44] [Server thread/INFO]: Preparing start region for dimension minecraft:overworld
[15:15:45] [Server thread/INFO]: Preparing spawn area: 0%
[15:15:45] [Server thread/INFO]: Preparing spawn area: 0%
[15:15:45] [Server thread/INFO]: Preparing spawn area: 0%
[15:15:46] [Server thread/INFO]: Preparing spawn area: 0%
[15:15:51] [Server-Worker-3/INFO]: Preparing spawn area: 0%
[15:15:51] [Server-Worker-2/INFO]: Preparing spawn area: 0%
[15:15:51] [Server-Worker-2/INFO]: Preparing spawn area: 0%
[15:15:51] [Server-Worker-2/INFO]: Preparing spawn area: 0%
[15:15:51] [Server-Worker-2/INFO]: Preparing spawn area: 0%
[15:15:51] [Server-Worker-2/INFO]: Preparing spawn area: 0%
[15:15:51] [Server-Worker-2/INFO]: Preparing spawn area: 0%
[15:15:51] [Server-Worker-2/INFO]: Preparing spawn area: 0%
[15:15:51] [Server-Worker-2/INFO]: Preparing spawn area: 0%
[15:15:51] [Server-Worker-2/INFO]: Preparing spawn area: 0%
[15:15:51] [Server thread/INFO]: Preparing spawn area: 0%
[15:15:54] [Server-Worker-1/INFO]: Preparing spawn area: 99%
[15:15:54] [Server-Worker-3/INFO]: Preparing spawn area: 99%
[15:15:54] [Server-Worker-3/INFO]: Preparing spawn area: 99%
[15:15:54] [Server-Worker-2/INFO]: Preparing spawn area: 99%
[15:15:54] [Server-Worker-2/INFO]: Preparing spawn area: 99%
[15:15:54] [Server-Worker-2/INFO]: Preparing spawn area: 99%
[15:15:54] [Server thread/INFO]: Time elapsed: 10481 ms
[15:15:54] [Server thread/INFO]: Done (12.092s)! For help, type "help"
[15:17:06] [Server thread/INFO]: Ukri74[/127.0.0.1:61638] logged in with entity id 136 at (-140.99252626198785, 71.0, -81.95296102906953)
[15:17:06] [Server thread/INFO]: Ukri74 joined the game
[15:17:09] [Server thread/WARN]: Can't keep up! Is the server overloaded? Running 2005ms or 40 ticks behind
[15:17:24] [Server thread/INFO]: Ukri74 lost connection: Disconnected
[15:17:24] [Server thread/INFO]: Ukri74 left the game
[15:17:31] [Server thread/INFO]: Stopping server
[15:17:31] [Server thread/INFO]: Saving players
[15:17:31] [Server thread/INFO]: Saving worlds
[15:17:31] [Server thread/INFO]: Saving chunks for level 'world'/minecraft:the_nether
[15:17:31] [Server thread/INFO]: ThreadedAnvilChunkStorage (DIM-1): All chunks are saved
[15:17:31] [Server thread/INFO]: Saving chunks for level 'world'/minecraft:overworld
[15:17:33] [Server thread/INFO]: ThreadedAnvilChunkStorage (world): All chunks are saved
[15:17:33] [Server thread/INFO]: Saving chunks for level 'world'/minecraft:the_end
[15:17:33] [Server thread/INFO]: ThreadedAnvilChunkStorage (DIM1): All chunks are saved
[15:17:33] [Server thread/INFO]: ThreadedAnvilChunkStorage (DIM-1): All chunks are saved
[15:17:33] [Server thread/INFO]: ThreadedAnvilChunkStorage (world): All chunks are saved
[15:17:33] [Server thread/INFO]: ThreadedAnvilChunkStorage (DIM1): All chunks are saved
